<?xml version="1.0" encoding="UTF-8"?>
<!-- Generated by org.testng.reporters.JUnitReportReporter -->
<testsuite skipped="0" hostname="BDC4-D-9Y0N882" name="SeleniumHDFC.tests.DemoWebShopTest" tests="2" failures="0" timestamp="2019-11-08T11:28:16 IST" time="8.144" errors="0">
  <testcase name="testLogin" time="4.259" classname="SeleniumHDFC.tests.DemoWebShopTest"/>
  <testcase name="testRegister" time="3.885" classname="SeleniumHDFC.tests.DemoWebShopTest"/>
</testsuite> <!-- SeleniumHDFC.tests.DemoWebShopTest -->
