<?xml version="1.0" encoding="UTF-8"?>
<!-- Generated by org.testng.reporters.JUnitReportReporter -->
<testsuite skipped="0" hostname="BDC4-D-9Y0N882" name="SeleniumHDFC.NewTest1" tests="1" failures="0" timestamp="2019-11-06T11:47:02 IST" time="31.434" errors="0">
  <testcase name="testHDFCCCLink" time="31.434" classname="SeleniumHDFC.NewTest1"/>
</testsuite> <!-- SeleniumHDFC.NewTest1 -->
