<?xml version="1.0" encoding="UTF-8"?>
<!-- Generated by org.testng.reporters.JUnitReportReporter -->
<testsuite skipped="0" hostname="BDC4-D-9Y0N882" name="SeleniumHDFC.NewTest7" tests="2" failures="0" timestamp="2019-11-07T10:51:15 IST" time="0.016" errors="0">
  <testcase name="test2" time="0.014" classname="SeleniumHDFC.NewTest7"/>
  <testcase name="test3" time="0.002" classname="SeleniumHDFC.NewTest7"/>
</testsuite> <!-- SeleniumHDFC.NewTest7 -->
