<?xml version="1.0" encoding="UTF-8"?>
<!-- Generated by org.testng.reporters.JUnitReportReporter -->
<testsuite skipped="0" hostname="BDC4-D-9Y0N882" name="SeleniumHDFC.NewTest5" tests="1" failures="0" timestamp="2019-11-07T10:51:15 IST" time="23.746" errors="0">
  <testcase name="testDropDown" time="23.746" classname="SeleniumHDFC.NewTest5"/>
</testsuite> <!-- SeleniumHDFC.NewTest5 -->
