<?xml version="1.0" encoding="UTF-8"?>
<!-- Generated by org.testng.reporters.JUnitReportReporter -->
<testsuite skipped="0" hostname="BDC4-D-9Y0N882" name="SeleniumHDFC.NewTest4" tests="1" failures="0" timestamp="2019-11-06T16:54:44 IST" time="22.780" errors="0">
  <testcase name="testLogin" time="22.780" classname="SeleniumHDFC.NewTest4"/>
</testsuite> <!-- SeleniumHDFC.NewTest4 -->
